<?xml version="1.0" encoding="UTF-8"?>
<!-- Generated by org.testng.reporters.JUnitReportReporter -->
<testsuite skipped="0" hostname="DESKTOP-KHTNE4T" name="com.sanity.SanityTestWithTestNG" tests="1" failures="0" timestamp="24 Jun 2020 23:48:19 GMT" time="10.094" errors="0">
  <testcase name="getHome" time="10.094" classname="com.sanity.SanityTestWithTestNG"/>
</testsuite> <!-- com.sanity.SanityTestWithTestNG -->
